c:\users\dell\source\repos\project1\debug\vc141.pdb
c:\users\dell\source\repos\project1\debug\vc141.idb
c:\users\dell\source\repos\project1\debug\shader.obj
c:\users\dell\source\repos\project1\debug\imgui_widgets.obj
c:\users\dell\source\repos\project1\debug\imgui_impl_opengl3.obj
c:\users\dell\source\repos\project1\debug\imgui_impl_glfw.obj
c:\users\dell\source\repos\project1\debug\imgui_draw.obj
c:\users\dell\source\repos\project1\debug\imgui_demo.obj
c:\users\dell\source\repos\project1\debug\imgui.obj
c:\users\dell\source\repos\project1\debug\camera.obj
c:\users\dell\source\repos\project1\debug\glad.obj
c:\users\dell\source\repos\project1\debug\main.obj
c:\users\dell\source\repos\project1\debug\fun.obj
c:\users\dell\source\repos\project1\debug\project1.exe
c:\users\dell\source\repos\project1\debug\project1.ilk
c:\users\dell\source\repos\project1\debug\project1.pdb
c:\users\dell\source\repos\project1\debug\fun.obj.enc
c:\users\dell\source\repos\project1\debug\project1.tlog\cl.command.1.tlog
c:\users\dell\source\repos\project1\debug\project1.tlog\cl.read.1.tlog
c:\users\dell\source\repos\project1\debug\project1.tlog\cl.write.1.tlog
c:\users\dell\source\repos\project1\debug\project1.tlog\link.command.1.tlog
c:\users\dell\source\repos\project1\debug\project1.tlog\link.read.1.tlog
c:\users\dell\source\repos\project1\debug\project1.tlog\link.write.1.tlog
